<?xml version="1.0" encoding="UTF-8"?>
<testsuite xmlns:xsi="http://www.w3.org/2001/XMLSchema-instance" xsi:noNamespaceSchemaLocation="https://maven.apache.org/surefire/maven-surefire-plugin/xsd/surefire-test-report-3.0.xsd" version="3.0" name="com.med.springjwt.SpringBootSecurityJwtApplicationTests" time="9.884" tests="1" errors="0" skipped="0" failures="0">
  <properties>
[...]
</properties>
  <testcase name="contextLoads" classname="com.med.springjwt.SpringBootSecurityJwtApplicationTests" time="0.868">
    <system-out><![CDATA[13:43:53.259 [main] INFO org.springframework.test.context.support.AnnotationConfigContextLoaderUtils -- Could not detect default configuration classes for test class [com.med.springjwt.SpringBootSecurityJwtApplicationTests]: SpringBootSecurityJwtApplicationTests does not declare any static, non-private, non-final, nested classes annotated with @Configuration.
13:43:53.448 [main] INFO org.springframework.boot.test.context.SpringBootTestContextBootstrapper -- Found @SpringBootConfiguration com.med.springjwt.SpringBootSecurityJwtApplication for test class com.med.springjwt.SpringBootSecurityJwtApplicationTests

  .   ____          _            __ _ _
 /\\ / ___'_ __ _ _(_)_ __  __ _ \ \ \ \
( ( )\___ | '_ | '_| | '_ \/ _` | \ \ \ \
 \\/  ___)| |_)| | | | | || (_| |  ) ) ) )
  '  |____| .__|_| |_|_| |_\__, | / / / /
 =========|_|==============|___/=/_/_/_/
 :: Spring Boot ::                (v3.2.0)

2024-12-17T13:43:54.205+01:00  INFO 20752 --- [           main] .s.SpringBootSecurityJwtApplicationTests : Starting SpringBootSecurityJwtApplicationTests using Java 21.0.1 with PID 20752 (started by Mega-PC in C:\Users\Mega-PC\Desktop\dash\spring-boot-spring-security-jwt-authentication-master)
2024-12-17T13:43:54.207+01:00  INFO 20752 --- [           main] .s.SpringBootSecurityJwtApplicationTests : No active profile set, falling back to 1 default profile: "default"
2024-12-17T13:43:55.672+01:00  INFO 20752 --- [           main] .s.d.r.c.RepositoryConfigurationDelegate : Bootstrapping Spring Data JPA repositories in DEFAULT mode.
2024-12-17T13:43:55.790+01:00  INFO 20752 --- [           main] .s.d.r.c.RepositoryConfigurationDelegate : Finished Spring Data repository scanning in 105 ms. Found 2 JPA repository interfaces.
2024-12-17T13:43:56.814+01:00  INFO 20752 --- [           main] o.hibernate.jpa.internal.util.LogHelper  : HHH000204: Processing PersistenceUnitInfo [name: default]
2024-12-17T13:43:56.970+01:00  INFO 20752 --- [           main] org.hibernate.Version                    : HHH000412: Hibernate ORM core version 6.3.1.Final
2024-12-17T13:43:57.075+01:00  INFO 20752 --- [           main] o.h.c.internal.RegionFactoryInitiator    : HHH000026: Second-level cache disabled
2024-12-17T13:43:57.655+01:00  INFO 20752 --- [           main] o.s.o.j.p.SpringPersistenceUnitInfo      : No LoadTimeWeaver setup: ignoring JPA class transformer
2024-12-17T13:43:57.716+01:00  INFO 20752 --- [           main] com.zaxxer.hikari.HikariDataSource       : HikariPool-1 - Starting...
2024-12-17T13:43:58.080+01:00  INFO 20752 --- [           main] com.zaxxer.hikari.pool.HikariPool        : HikariPool-1 - Added connection com.mysql.cj.jdbc.ConnectionImpl@1f45db49
2024-12-17T13:43:58.084+01:00  INFO 20752 --- [           main] com.zaxxer.hikari.HikariDataSource       : HikariPool-1 - Start completed.
2024-12-17T13:43:58.159+01:00  WARN 20752 --- [           main] org.hibernate.dialect.Dialect            : HHH000511: The 5.5.0 version for [org.hibernate.dialect.MySQLDialect] is no longer supported, hence certain features may not work properly. The minimum supported version is 5.7.0. Check the community dialects project for available legacy versions.
2024-12-17T13:43:58.166+01:00  WARN 20752 --- [           main] org.hibernate.orm.deprecation            : HHH90000025: MySQLDialect does not need to be specified explicitly using 'hibernate.dialect' (remove the property setting and it will be selected by default)
2024-12-17T13:43:59.605+01:00  INFO 20752 --- [           main] o.h.e.t.j.p.i.JtaPlatformInitiator       : HHH000489: No JTA platform available (set 'hibernate.transaction.jta.platform' to enable JTA platform integration)
2024-12-17T13:43:59.701+01:00  INFO 20752 --- [           main] j.LocalContainerEntityManagerFactoryBean : Initialized JPA EntityManagerFactory for persistence unit 'default'
2024-12-17T13:44:00.611+01:00  WARN 20752 --- [           main] JpaBaseConfiguration$JpaWebConfiguration : spring.jpa.open-in-view is enabled by default. Therefore, database queries may be performed during view rendering. Explicitly configure spring.jpa.open-in-view to disable this warning
2024-12-17T13:44:01.260+01:00  INFO 20752 --- [           main] o.s.s.web.DefaultSecurityFilterChain     : Will secure any request with [org.springframework.security.web.session.DisableEncodeUrlFilter@188532da, org.springframework.security.web.context.request.async.WebAsyncManagerIntegrationFilter@f10927f, org.springframework.security.web.context.SecurityContextHolderFilter@7d381eae, org.springframework.security.web.header.HeaderWriterFilter@47629063, org.springframework.web.filter.CorsFilter@7e4c0bc7, org.springframework.security.web.authentication.logout.LogoutFilter@1ae90cb9, com.med.springjwt.security.jwt.AuthTokenFilter@8a7cd7c, org.springframework.security.web.savedrequest.RequestCacheAwareFilter@4c57ca10, org.springframework.security.web.servletapi.SecurityContextHolderAwareRequestFilter@212be8c, org.springframework.security.web.authentication.AnonymousAuthenticationFilter@36570936, org.springframework.security.web.session.SessionManagementFilter@1fc4b8d6, org.springframework.security.web.access.ExceptionTranslationFilter@1c76b2fe, org.springframework.security.web.access.intercept.AuthorizationFilter@638e8194]
2024-12-17T13:44:01.928+01:00  INFO 20752 --- [           main] .s.SpringBootSecurityJwtApplicationTests : Started SpringBootSecurityJwtApplicationTests in 8.191 seconds (process running for 9.841)
]]></system-out>
    <system-err><![CDATA[WARNING: A Java agent has been loaded dynamically (C:\Users\Mega-PC\.m2\repository\net\bytebuddy\byte-buddy-agent\1.14.10\byte-buddy-agent-1.14.10.jar)
WARNING: If a serviceability tool is in use, please run with -XX:+EnableDynamicAgentLoading to hide this warning
WARNING: If a serviceability tool is not in use, please run with -Djdk.instrument.traceUsage for more information
WARNING: Dynamic loading of agents will be disallowed by default in a future release
]]></system-err>
  </testcase>
</testsuite>